<testsuites id="" name="" tests="7" failures="0" skipped="7" errors="0" time="0.064387">
<testsuite name="accessibility.e2e.ts" timestamp="2025-08-28T18:14:10.336Z" hostname="accessibility" tests="7" failures="0" skipped="7" time="0" errors="0">
<testcase name="アクセシビリティテスト - WCAG 2.1 AA準拠 › タスク管理画面のアクセシビリティ検証" classname="accessibility.e2e.ts" time="0">
<skipped>
</skipped>
</testcase>
<testcase name="アクセシビリティテスト - WCAG 2.1 AA準拠 › プロジェクト管理画面のアクセシビリティ検証" classname="accessibility.e2e.ts" time="0">
<skipped>
</skipped>
</testcase>
<testcase name="アクセシビリティテスト - WCAG 2.1 AA準拠 › スケジュール画面のアクセシビリティ検証" classname="accessibility.e2e.ts" time="0">
<skipped>
</skipped>
</testcase>
<testcase name="アクセシビリティテスト - WCAG 2.1 AA準拠 › 通知画面のアクセシビリティ検証" classname="accessibility.e2e.ts" time="0">
<skipped>
</skipped>
</testcase>
<testcase name="アクセシビリティテスト - WCAG 2.1 AA準拠 › 色覚異常者対応確認" classname="accessibility.e2e.ts" time="0">
<skipped>
</skipped>
</testcase>
<testcase name="アクセシビリティテスト - WCAG 2.1 AA準拠 › フォーカス管理とキーボードナビゲーション" classname="accessibility.e2e.ts" time="0">
<skipped>
</skipped>
</testcase>
<testcase name="アクセシビリティテスト - WCAG 2.1 AA準拠 › ARIA属性とセマンティックHTML確認" classname="accessibility.e2e.ts" time="0">
<skipped>
</skipped>
</testcase>
</testsuite>
</testsuites>